<?xml version="1.0" encoding="UTF-8"?>
<!-- Generated by org.testng.reporters.JUnitReportReporter -->
<testsuite skipped="0" hostname="VSC149" name="BestofBest2019.Spicejet_Roundtrip_Validation" tests="1" failures="0" timestamp="05 Aug 2019 13:37:01 GMT" time="0.231" errors="0">
  <testcase name="validation" time="0.231" classname="BestofBest2019.Spicejet_Roundtrip_Validation"/>
</testsuite> <!-- BestofBest2019.Spicejet_Roundtrip_Validation -->
