<?xml version="1.0" encoding="UTF-8"?>
<!-- Generated by org.testng.reporters.JUnitReportReporter -->
<testsuite skipped="0" hostname="VSC149" name="BestofBest2019.HMSData_Driven_Framework" tests="1" failures="0" timestamp="08 Aug 2019 11:58:30 GMT" time="95.177" errors="0">
  <testcase name="functionality" time="95.177" classname="BestofBest2019.HMSData_Driven_Framework"/>
</testsuite> <!-- BestofBest2019.HMSData_Driven_Framework -->
