<?xml version="1.0" encoding="UTF-8"?>
<!-- Generated by org.testng.reporters.JUnitReportReporter -->
<testsuite skipped="0" hostname="VSC149" name="TestNGPrograms.SavariOnewayvalidation" tests="1" failures="0" timestamp="26 Jul 2019 12:39:36 GMT" time="0.112" errors="0">
  <testcase name="test" time="0.112" classname="TestNGPrograms.SavariOnewayvalidation"/>
</testsuite> <!-- TestNGPrograms.SavariOnewayvalidation -->
