<?xml version="1.0" encoding="UTF-8"?>
<!-- Generated by org.testng.reporters.JUnitReportReporter -->
<testsuite skipped="0" hostname="VSC149" name="TestNGPrograms.Currencyvalidation" tests="1" failures="0" timestamp="30 Jul 2019 15:38:06 GMT" time="0.130" errors="0">
  <testcase name="functionality" time="0.130" classname="TestNGPrograms.Currencyvalidation"/>
</testsuite> <!-- TestNGPrograms.Currencyvalidation -->
