<?xml version="1.0" encoding="UTF-8"?>
<!-- Generated by org.testng.reporters.JUnitReportReporter -->
<testsuite skipped="0" hostname="VSC149" name="BestofBest2019.Computech_Listoptions" tests="1" failures="0" timestamp="05 Aug 2019 13:50:29 GMT" time="3.119" errors="0">
  <testcase name="f" time="3.119" classname="BestofBest2019.Computech_Listoptions"/>
</testsuite> <!-- BestofBest2019.Computech_Listoptions -->
